#
# A fatal error has been detected by the Java Runtime Environment:
#
#  EXCEPTION_ACCESS_VIOLATION (0xc0000005) at pc=0x7c91b21a, pid=3292, tid=1052
#
# JRE version: 6.0_20-b02
# Java VM: Java HotSpot(TM) Client VM (16.3-b01 mixed mode, sharing windows-x86 )
# Problematic frame:
# C  [ntdll.dll+0x1b21a]
#
# If you would like to submit a bug report, please visit:
#   http://java.sun.com/webapps/bugreport/crash.jsp
# The crash happened outside the Java Virtual Machine in native code.
# See problematic frame for where to report the bug.
#

---------------  T H R E A D  ---------------

Current thread (0x02eebc00):  JavaThread "AWT-EventQueue-0" [_thread_in_native, id=1052, stack(0x03230000,0x03280000)]

siginfo: ExceptionCode=0xc0000005, writing address 0x00000010

Registers:
EAX=0x00000000, EBX=0x00000000, ECX=0x00000000, EDX=0x0307afd0
ESP=0x0327f594, EBP=0x0327f608, ESI=0x0307afd0, EDI=0x00000000
EIP=0x7c91b21a, EFLAGS=0x00210202

Top of Stack: (sp=0x0327f594)
0x0327f594:   00000000 0327f630 00000000 00000000
0x0327f5a4:   00000000 0327f5f8 747e6f54 00000001
0x0327f5b4:   0327f5e8 00000000 00000000 00000001
0x0327f5c4:   0307a83c 0000041c 6d9ac0c9 02eebc00
0x0327f5d4:   00000006 00000004 02eebc00 32c04770
0x0327f5e4:   32c04770 000012bc 00000000 6daad2f0
0x0327f5f4:   00000000 0327f620 747e6ef2 00000000
0x0327f604:   0307aa68 0327f620 7c901046 0007afd0 

Instructions: (pc=0x7c91b21a)
0x7c91b20a:   8b 46 10 3b c3 89 45 fc 0f 84 9e 00 00 00 8b 06
0x7c91b21a:   ff 40 10 8b 45 fc 83 e0 01 89 45 e8 8b 06 ff 40 


Stack: [0x03230000,0x03280000],  sp=0x0327f594,  free space=13d0327f0c8k
Native frames: (J=compiled Java code, j=interpreted, Vv=VM code, C=native code)
C  [ntdll.dll+0x1b21a]
C  [ntdll.dll+0x1046]
C  [quartz.dll+0x227b0]
C  [quartz.dll+0x18528]
C  [quartz.dll+0x184cc]
C  [jdshow.dll+0x125c]
j  net.sf.jdshow.IMediaSeeking.GetCurrentPosition([J)I+0
j  net.sf.fmj.ds.media.content.unknown.Handler.getMediaTime()Ljavax/media/Time;+16
j  net.sf.fmj.ejmf.toolkit.gui.controlpanel.StandardControls.setControlComponentState(I)V+68
j  net.sf.fmj.ejmf.toolkit.gui.controlpanel.AbstractControls$ControllerEventThread.run()V+8
j  java.awt.event.InvocationEvent.dispatch()V+47
J  java.awt.EventQueue.dispatchEvent(Ljava/awt/AWTEvent;)V
J  java.awt.EventDispatchThread.pumpOneEventForFilters(I)Z
j  java.awt.EventDispatchThread.pumpEventsForFilter(ILjava/awt/Conditional;Ljava/awt/EventFilter;)V+30
j  java.awt.EventDispatchThread.pumpEventsForHierarchy(ILjava/awt/Conditional;Ljava/awt/Component;)V+11
j  java.awt.EventDispatchThread.pumpEvents(ILjava/awt/Conditional;)V+4
j  java.awt.EventDispatchThread.pumpEvents(Ljava/awt/Conditional;)V+3
j  java.awt.EventDispatchThread.run()V+9
v  ~StubRoutines::call_stub
V  [jvm.dll+0xf049c]
V  [jvm.dll+0x17fcf1]
V  [jvm.dll+0xf0667]
V  [jvm.dll+0xf06dd]
V  [jvm.dll+0x11a2a0]
V  [jvm.dll+0x1ddb14]
V  [jvm.dll+0x17f96c]
C  [msvcr71.dll+0x9565]
C  [kernel32.dll+0xb729]

Java frames: (J=compiled Java code, j=interpreted, Vv=VM code)
j  net.sf.jdshow.IMediaSeeking.GetCurrentPosition([J)I+0
j  net.sf.fmj.ds.media.content.unknown.Handler.getMediaTime()Ljavax/media/Time;+16
j  net.sf.fmj.ejmf.toolkit.gui.controlpanel.StandardControls.setControlComponentState(I)V+68
j  net.sf.fmj.ejmf.toolkit.gui.controlpanel.AbstractControls$ControllerEventThread.run()V+8
j  java.awt.event.InvocationEvent.dispatch()V+47
J  java.awt.EventQueue.dispatchEvent(Ljava/awt/AWTEvent;)V
J  java.awt.EventDispatchThread.pumpOneEventForFilters(I)Z
j  java.awt.EventDispatchThread.pumpEventsForFilter(ILjava/awt/Conditional;Ljava/awt/EventFilter;)V+30
j  java.awt.EventDispatchThread.pumpEventsForHierarchy(ILjava/awt/Conditional;Ljava/awt/Component;)V+11
j  java.awt.EventDispatchThread.pumpEvents(ILjava/awt/Conditional;)V+4
j  java.awt.EventDispatchThread.pumpEvents(Ljava/awt/Conditional;)V+3
j  java.awt.EventDispatchThread.run()V+9
v  ~StubRoutines::call_stub

---------------  P R O C E S S  ---------------

Java Threads: ( => current thread )
  0x02f12400 JavaThread "Thread-269" daemon [_thread_blocked, id=3532, stack(0x05210000,0x05260000)]
  0x02f2a400 JavaThread "ThreadQueue for net.sf.fmj.ds.media.content.unknown.Handler@1eb0" daemon [_thread_blocked, id=2268, stack(0x050d0000,0x05120000)]
  0x04c48800 JavaThread "StopTimeMonitor for net.sf.fmj.ds.media.content.unknown.Handler@1eb0" daemon [_thread_blocked, id=2892, stack(0x05080000,0x050d0000)]
  0x04c30800 JavaThread "ControllerEventQueue for net.sf.fmj.ds.media.content.unknown.Handler@1eb0" daemon [_thread_in_native, id=1956, stack(0x03d50000,0x03da0000)]
  0x02b62c00 JavaThread "ThreadQueue for net.sf.fmj.ds.media.content.unknown.Handler@73a7ab" daemon [_thread_blocked, id=2780, stack(0x03d00000,0x03d50000)]
  0x02b07800 JavaThread "StopTimeMonitor for net.sf.fmj.ds.media.content.unknown.Handler@73a7ab" daemon [_thread_blocked, id=3744, stack(0x03cb0000,0x03d00000)]
  0x02bb6800 JavaThread "ControllerEventQueue for net.sf.fmj.ds.media.content.unknown.Handler@73a7ab" daemon [_thread_blocked, id=4028, stack(0x03a20000,0x03a70000)]
  0x02fdc400 JavaThread "Swing-Shell" daemon [_thread_blocked, id=2612, stack(0x034a0000,0x034f0000)]
  0x02f5cc00 JavaThread "TimerQueue" daemon [_thread_blocked, id=1668, stack(0x032c0000,0x03310000)]
  0x002b7800 JavaThread "DestroyJavaVM" [_thread_blocked, id=3140, stack(0x008c0000,0x00910000)]
=>0x02eebc00 JavaThread "AWT-EventQueue-0" [_thread_in_native, id=1052, stack(0x03230000,0x03280000)]
  0x02eea000 JavaThread "AWT-Windows" daemon [_thread_in_native, id=356, stack(0x031a0000,0x031f0000)]
  0x02bef400 JavaThread "AWT-Shutdown" [_thread_blocked, id=3344, stack(0x03150000,0x031a0000)]
  0x02eee400 JavaThread "Java2D Disposer" daemon [_thread_blocked, id=3576, stack(0x03100000,0x03150000)]
  0x02b59000 JavaThread "Low Memory Detector" daemon [_thread_blocked, id=3636, stack(0x02dd0000,0x02e20000)]
  0x02b53000 JavaThread "CompilerThread0" daemon [_thread_blocked, id=2352, stack(0x02d80000,0x02dd0000)]
  0x02b51800 JavaThread "Attach Listener" daemon [_thread_blocked, id=3452, stack(0x02d30000,0x02d80000)]
  0x02b50400 JavaThread "Signal Dispatcher" daemon [_thread_blocked, id=284, stack(0x02ce0000,0x02d30000)]
  0x02b11000 JavaThread "Finalizer" daemon [_thread_blocked, id=3884, stack(0x02c90000,0x02ce0000)]
  0x02b0c400 JavaThread "Reference Handler" daemon [_thread_blocked, id=876, stack(0x02c40000,0x02c90000)]

Other Threads:
  0x02b0ac00 VMThread [stack: 0x02bf0000,0x02c40000] [id=1496]
  0x02b63c00 WatcherThread [stack: 0x02e20000,0x02e70000] [id=532]

VM state:not at safepoint (normal execution)

VM Mutex/Monitor currently owned by a thread: None

Heap
 def new generation   total 4928K, used 3982K [0x22990000, 0x22ee0000, 0x27ee0000)
  eden space 4416K,  84% used [0x22990000, 0x22d38340, 0x22de0000)
  from space 512K,  46% used [0x22de0000, 0x22e1b7f0, 0x22e60000)
  to   space 512K,   0% used [0x22e60000, 0x22e60000, 0x22ee0000)
 tenured generation   total 10944K, used 4322K [0x27ee0000, 0x28990000, 0x32990000)
   the space 10944K,  39% used [0x27ee0000, 0x28318b50, 0x28318c00, 0x28990000)
 compacting perm gen  total 12288K, used 2771K [0x32990000, 0x33590000, 0x36990000)
   the space 12288K,  22% used [0x32990000, 0x32c44c30, 0x32c44e00, 0x33590000)
    ro space 10240K,  54% used [0x36990000, 0x36f0b760, 0x36f0b800, 0x37390000)
    rw space 12288K,  55% used [0x37390000, 0x37a2f798, 0x37a2f800, 0x37f90000)

Dynamic libraries:
0x00400000 - 0x00424000 	C:\Arquivos de programas\Java\jdk1.6.0_20\jre\bin\java.exe
0x7c900000 - 0x7c9b6000 	C:\WINDOWS\system32\ntdll.dll
0x7c800000 - 0x7c900000 	C:\WINDOWS\system32\kernel32.dll
0x77f50000 - 0x77ffb000 	C:\WINDOWS\system32\ADVAPI32.dll
0x77db0000 - 0x77e43000 	C:\WINDOWS\system32\RPCRT4.dll
0x77f20000 - 0x77f31000 	C:\WINDOWS\system32\Secur32.dll
0x7c340000 - 0x7c396000 	C:\Arquivos de programas\Java\jdk1.6.0_20\jre\bin\msvcr71.dll
0x6d8b0000 - 0x6db47000 	C:\Arquivos de programas\Java\jdk1.6.0_20\jre\bin\client\jvm.dll
0x7e360000 - 0x7e3f1000 	C:\WINDOWS\system32\USER32.dll
0x77e50000 - 0x77e99000 	C:\WINDOWS\system32\GDI32.dll
0x76b20000 - 0x76b4e000 	C:\WINDOWS\system32\WINMM.dll
0x76360000 - 0x7637d000 	C:\WINDOWS\system32\IMM32.DLL
0x6d860000 - 0x6d86c000 	C:\Arquivos de programas\Java\jdk1.6.0_20\jre\bin\verify.dll
0x6d3e0000 - 0x6d3ff000 	C:\Arquivos de programas\Java\jdk1.6.0_20\jre\bin\java.dll
0x6d340000 - 0x6d348000 	C:\Arquivos de programas\Java\jdk1.6.0_20\jre\bin\hpi.dll
0x76bd0000 - 0x76bdb000 	C:\WINDOWS\system32\PSAPI.DLL
0x6d8a0000 - 0x6d8af000 	C:\Arquivos de programas\Java\jdk1.6.0_20\jre\bin\zip.dll
0x6d0b0000 - 0x6d1fa000 	C:\Arquivos de programas\Java\jdk1.6.0_20\jre\bin\awt.dll
0x72fb0000 - 0x72fd6000 	C:\WINDOWS\system32\WINSPOOL.DRV
0x77bf0000 - 0x77c48000 	C:\WINDOWS\system32\msvcrt.dll
0x774c0000 - 0x775fd000 	C:\WINDOWS\system32\ole32.dll
0x773b0000 - 0x774b3000 	C:\WINDOWS\WinSxS\x86_Microsoft.Windows.Common-Controls_6595b64144ccf1df_6.0.2600.5512_x-ww_35d4ce83\COMCTL32.dll
0x77ea0000 - 0x77f16000 	C:\WINDOWS\system32\SHLWAPI.dll
0x5b1c0000 - 0x5b1f8000 	C:\WINDOWS\system32\uxtheme.dll
0x746e0000 - 0x7472c000 	C:\WINDOWS\system32\MSCTF.dll
0x75290000 - 0x752be000 	C:\WINDOWS\system32\msctfime.ime
0x6d2e0000 - 0x6d334000 	C:\Arquivos de programas\Java\jdk1.6.0_20\jre\bin\fontmanager.dll
0x7c9c0000 - 0x7d1de000 	C:\WINDOWS\system32\shell32.dll
0x6d6c0000 - 0x6d6d3000 	C:\Arquivos de programas\Java\jdk1.6.0_20\jre\bin\net.dll
0x71a70000 - 0x71a87000 	C:\WINDOWS\system32\WS2_32.dll
0x71a60000 - 0x71a68000 	C:\WINDOWS\system32\WS2HELP.dll
0x6d6e0000 - 0x6d6e9000 	C:\Arquivos de programas\Java\jdk1.6.0_20\jre\bin\nio.dll
0x6d250000 - 0x6d273000 	C:\Arquivos de programas\Java\jdk1.6.0_20\jre\bin\dcpr.dll
0x5bcb0000 - 0x5bd05000 	C:\WINDOWS\system32\netapi32.dll
0x034f0000 - 0x037c0000 	C:\WINDOWS\system32\xpsp2res.dll
0x77b20000 - 0x77b42000 	C:\WINDOWS\system32\appHelp.dll
0x76fb0000 - 0x7702f000 	C:\WINDOWS\system32\CLBCATQ.DLL
0x77030000 - 0x770fd000 	C:\WINDOWS\system32\COMRes.dll
0x77100000 - 0x7718b000 	C:\WINDOWS\system32\OLEAUT32.dll
0x77be0000 - 0x77be8000 	C:\WINDOWS\system32\VERSION.dll
0x05940000 - 0x0594e000 	C:\Arquivos de programas\TortoiseSVN\bin\TortoiseStub.dll
0x05960000 - 0x05a2a000 	C:\Arquivos de programas\TortoiseSVN\bin\TortoiseSVN.dll
0x76760000 - 0x76769000 	C:\WINDOWS\system32\SHFOLDER.dll
0x3fa50000 - 0x3fb36000 	C:\WINDOWS\system32\WININET.dll
0x037d0000 - 0x037d9000 	C:\WINDOWS\system32\Normaliz.dll
0x43f90000 - 0x440c3000 	C:\WINDOWS\system32\urlmon.dll
0x400f0000 - 0x402d8000 	C:\WINDOWS\system32\iertutil.dll
0x6eec0000 - 0x6eee2000 	C:\Arquivos de programas\TortoiseSVN\bin\libapr_tsvn.dll
0x71a10000 - 0x71a50000 	C:\WINDOWS\system32\MSWSOCK.dll
0x78520000 - 0x785c3000 	C:\WINDOWS\WinSxS\x86_Microsoft.VC90.CRT_1fc8b3b9a1e18e3b_9.0.30729.4148_x-ww_d495ac4e\MSVCR90.dll
0x6ee60000 - 0x6ee8f000 	C:\Arquivos de programas\TortoiseSVN\bin\libaprutil_tsvn.dll
0x76f40000 - 0x76f6d000 	C:\WINDOWS\system32\WLDAP32.dll
0x10000000 - 0x10012000 	C:\Arquivos de programas\TortoiseSVN\bin\intl3_tsvn.dll
0x78480000 - 0x7850e000 	C:\WINDOWS\WinSxS\x86_Microsoft.VC90.CRT_1fc8b3b9a1e18e3b_9.0.30729.4148_x-ww_d495ac4e\MSVCP90.dll
0x77a60000 - 0x77af6000 	C:\WINDOWS\system32\CRYPT32.dll
0x77b00000 - 0x77b12000 	C:\WINDOWS\system32\MSASN1.dll
0x71ae0000 - 0x71af2000 	C:\WINDOWS\system32\MPR.dll
0x75f30000 - 0x75f37000 	C:\WINDOWS\System32\drprov.dll
0x71be0000 - 0x71bee000 	C:\WINDOWS\System32\ntlanman.dll
0x71ca0000 - 0x71cb7000 	C:\WINDOWS\System32\NETUI0.dll
0x71c60000 - 0x71ca0000 	C:\WINDOWS\System32\NETUI1.dll
0x71c50000 - 0x71c57000 	C:\WINDOWS\System32\NETRAP.dll
0x71bc0000 - 0x71bd3000 	C:\WINDOWS\System32\SAMLIB.dll
0x75f40000 - 0x75f4a000 	C:\WINDOWS\System32\davclnt.dll
0x77900000 - 0x779f5000 	C:\WINDOWS\system32\SETUPAPI.dll
0x16210000 - 0x1648e000 	C:\WINDOWS\system32\wpdshext.dll
0x4eb60000 - 0x4ed0b000 	C:\WINDOWS\WinSxS\x86_Microsoft.Windows.GdiPlus_6595b64144ccf1df_1.0.6001.22319_x-ww_f0b4c2df\gdiplus.dll
0x10930000 - 0x10979000 	C:\WINDOWS\system32\PortableDeviceApi.dll
0x76c10000 - 0x76c3e000 	C:\WINDOWS\system32\WINTRUST.dll
0x76c70000 - 0x76c98000 	C:\WINDOWS\system32\IMAGEHLP.dll
0x07160000 - 0x071a6000 	C:\WINDOWS\system32\Audiodev.dll
0x15110000 - 0x1536d000 	C:\WINDOWS\system32\WMVCore.DLL
0x11c70000 - 0x11caa000 	C:\WINDOWS\system32\WMASF.DLL
0x76960000 - 0x76968000 	C:\WINDOWS\system32\LINKINFO.dll
0x76970000 - 0x76996000 	C:\WINDOWS\system32\ntshrui.dll
0x76b00000 - 0x76b11000 	C:\WINDOWS\system32\ATL.DLL
0x769a0000 - 0x76a55000 	C:\WINDOWS\system32\USERENV.dll
0x75d70000 - 0x75e01000 	C:\WINDOWS\system32\MLANG.dll
0x03a70000 - 0x03a82000 	C:\Documents and Settings\alexandre\Meus documentos\NetBeansProjects\rnp-videoplayer\trunk\jdshow.dll
0x6d410000 - 0x6d416000 	C:\Arquivos de programas\Java\jdk1.6.0_20\jre\bin\jawt.dll
0x747d0000 - 0x7493f000 	C:\WINDOWS\system32\quartz.dll
0x76620000 - 0x76631000 	C:\WINDOWS\system32\devenum.dll
0x03eb0000 - 0x03fab000 	C:\Arquivos de programas\K-Lite Codec Pack\Filters\vsfilter.dll
0x76380000 - 0x763c8000 	C:\WINDOWS\system32\COMDLG32.dll
0x04010000 - 0x040be000 	C:\Arquivos de programas\K-Lite Codec Pack\Filters\MP4Splitter.ax
0x041f0000 - 0x04290000 	C:\Arquivos de programas\K-Lite Codec Pack\Filters\RealMediaSplitter.ax
0x042c0000 - 0x0432c000 	C:\Arquivos de programas\K-Lite Codec Pack\Filters\FLVSplitter.ax
0x04460000 - 0x048cf000 	C:\Arquivos de programas\K-Lite Codec Pack\ffdshow\ffdshow.ax
0x72250000 - 0x7227c000 	C:\WINDOWS\system32\DINPUT.dll
0x4fcd0000 - 0x4fe76000 	C:\WINDOWS\system32\d3d9.dll
0x6def0000 - 0x6def6000 	C:\WINDOWS\system32\d3d8thk.dll
0x73710000 - 0x7375b000 	C:\WINDOWS\system32\DDRAW.dll
0x73b70000 - 0x73b76000 	C:\WINDOWS\system32\DCIMAN32.dll
0x738f0000 - 0x739c0000 	C:\WINDOWS\system32\D3DIM700.DLL
0x72cd0000 - 0x72cd9000 	C:\WINDOWS\system32\wdmaud.drv
0x72cc0000 - 0x72cc8000 	C:\WINDOWS\system32\msacm32.drv
0x77bc0000 - 0x77bd5000 	C:\WINDOWS\system32\MSACM32.dll
0x77bb0000 - 0x77bb7000 	C:\WINDOWS\system32\midimap.dll
0x73ec0000 - 0x73f1c000 	C:\WINDOWS\system32\DSOUND.DLL
0x73e90000 - 0x73e94000 	C:\WINDOWS\system32\KsUser.dll
0x10af0000 - 0x10b27000 	C:\WINDOWS\system32\qasf.dll
0x73660000 - 0x73667000 	C:\WINDOWS\system32\msdmo.dll
0x11820000 - 0x118dc000 	C:\WINDOWS\system32\wmadmod.dll
0x0bef0000 - 0x0bf27000 	C:\WINDOWS\system32\mfplat.dll
0x15380000 - 0x154fe000 	C:\WINDOWS\system32\WMVDECOD.dll

VM Arguments:
jvm_args: -Dfile.encoding=UTF-8 
java_command: view._jfPrincipal
Launcher Type: SUN_STANDARD

Environment Variables:
CLASSPATH=.;.;.;.;C:\ARQUIV~1\JMF21~1.1E\lib\sound.jar;C:\ARQUIV~1\JMF21~1.1E\lib\jmf.jar;C:\ARQUIV~1\JMF21~1.1E\lib;
PATH=C:\oracle\ora92\bin;C:\Arquivos de programas\Oracle\jre\1.3.1\bin;C:\Arquivos de programas\Oracle\jre\1.1.8\bin;C:\WINDOWS\system32;C:\WINDOWS;C:\WINDOWS\System32\Wbem;C:\Arquivos de programas\TortoiseSVN\bin;C:\Arquivos de programas\SSH Communications Security\SSH Secure Shell
USERNAME=alexandre
OS=Windows_NT
PROCESSOR_IDENTIFIER=x86 Family 6 Model 23 Stepping 10, GenuineIntel



---------------  S Y S T E M  ---------------

OS: Windows XP Build 2600 Service Pack 3

CPU:total 2 (2 cores per cpu, 1 threads per core) family 6 model 23 stepping 10, cmov, cx8, fxsr, mmx, sse, sse2, sse3, ssse3

Memory: 4k page, physical 3397804k(2096052k free), swap 5326816k(4017304k free)

vm_info: Java HotSpot(TM) Client VM (16.3-b01) for windows-x86 JRE (1.6.0_20-b02), built on Apr 12 2010 13:52:23 by "java_re" with MS VC++ 7.1 (VS2003)

time: Wed Sep 22 10:57:21 2010
elapsed time: 37 seconds

